<?xml version="1.0" encoding="UTF-8"?>
<testng-results skipped="0" failed="0" ignored="0" total="1" passed="1">
  <reporter-output>
  </reporter-output>
  <suite name="Default suite" duration-ms="84" started-at="2021-07-08T05:36:33Z" finished-at="2021-07-08T05:36:33Z">
    <groups>
    </groups>
    <test name="Default test" duration-ms="84" started-at="2021-07-08T05:36:33Z" finished-at="2021-07-08T05:36:33Z">
      <class name="Com.jbk1.Demotest1">
        <test-method status="PASS" signature="test01()[pri:0, instance:Com.jbk1.Demotest1@2b98378d]" name="test01" duration-ms="31" started-at="2021-07-08T11:06:33Z" finished-at="2021-07-08T11:06:33Z">
          <reporter-output>
          </reporter-output>
        </test-method> <!-- test01 -->
      </class> <!-- Com.jbk1.Demotest1 -->
    </test> <!-- Default test -->
  </suite> <!-- Default suite -->
</testng-results>
